2019-04-10 19:16:58.533  INFO [bootstrap,,,] 4039 --- [           main] s.c.a.AnnotationConfigApplicationContext : Refreshing org.springframework.context.annotation.AnnotationConfigApplicationContext@7a7b0070: startup date [Wed Apr 10 19:16:58 CST 2019]; root of context hierarchy
2019-04-10 19:17:00.084  INFO [bootstrap,,,] 4039 --- [           main] f.a.AutowiredAnnotationBeanPostProcessor : JSR-330 'javax.inject.Inject' annotation found and supported for autowiring
2019-04-10 19:17:00.366  INFO [bootstrap,,,] 4039 --- [           main] trationDelegate$BeanPostProcessorChecker : Bean 'configurationPropertiesRebinderAutoConfiguration' of type [org.springframework.cloud.autoconfigure.ConfigurationPropertiesRebinderAutoConfiguration$$EnhancerBySpringCGLIB$$16938c90] is not eligible for getting processed by all BeanPostProcessors (for example: not eligible for auto-proxying)

  .   ____          _            __ _ _
 /\\ / ___'_ __ _ _(_)_ __  __ _ \ \ \ \
( ( )\___ | '_ | '_| | '_ \/ _` | \ \ \ \
 \\/  ___)| |_)| | | | | || (_| |  ) ) ) )
  '  |____| .__|_| |_|_| |_\__, | / / / /
 =========|_|==============|___/=/_/_/_/
 :: Spring Boot ::        (v1.5.2.RELEASE)

2019-04-10 19:17:02.678  INFO [bootstrap,,,] 4039 --- [           main] c.c.c.ConfigServicePropertySourceLocator : Fetching config from server at: http://localhost:8888
2019-04-10 19:17:03.064  WARN [bootstrap,,,] 4039 --- [           main] c.c.c.ConfigServicePropertySourceLocator : Could not locate PropertySource: I/O error on GET request for "http://localhost:8888/product-service/default": Connection refused; nested exception is java.net.ConnectException: Connection refused
2019-04-10 19:17:03.072  INFO [bootstrap,,,] 4039 --- [           main] c.s.m.serv.prd.ProductServApplication    : No active profile set, falling back to default profiles: default
2019-04-10 19:17:03.180  INFO [bootstrap,,,] 4039 --- [           main] ationConfigEmbeddedWebApplicationContext : Refreshing org.springframework.boot.context.embedded.AnnotationConfigEmbeddedWebApplicationContext@17d677df: startup date [Wed Apr 10 19:17:03 CST 2019]; parent: org.springframework.context.annotation.AnnotationConfigApplicationContext@7a7b0070
2019-04-10 19:17:07.347  INFO [bootstrap,,,] 4039 --- [           main] o.s.i.config.IntegrationRegistrar        : No bean named 'integrationHeaderChannelRegistry' has been explicitly defined. Therefore, a default DefaultHeaderChannelRegistry will be created.
2019-04-10 19:17:08.049  WARN [bootstrap,,,] 4039 --- [           main] o.s.c.a.ConfigurationClassPostProcessor  : Cannot enhance @Configuration bean definition 'refreshScope' since its singleton instance has been created too early. The typical cause is a non-static @Bean method with a BeanDefinitionRegistryPostProcessor return type: Consider declaring such methods as 'static'.
2019-04-10 19:17:08.711  INFO [bootstrap,,,] 4039 --- [           main] o.s.cloud.context.scope.GenericScope     : BeanFactory id=d9ab2883-bba9-3636-9e10-9f1544549bd2
2019-04-10 19:17:08.788  INFO [bootstrap,,,] 4039 --- [           main] faultConfiguringBeanFactoryPostProcessor : No bean named 'errorChannel' has been explicitly defined. Therefore, a default PublishSubscribeChannel will be created.
2019-04-10 19:17:08.801  INFO [bootstrap,,,] 4039 --- [           main] faultConfiguringBeanFactoryPostProcessor : No bean named 'taskScheduler' has been explicitly defined. Therefore, a default ThreadPoolTaskScheduler will be created.
2019-04-10 19:17:08.828  INFO [bootstrap,,,] 4039 --- [           main] f.a.AutowiredAnnotationBeanPostProcessor : JSR-330 'javax.inject.Inject' annotation found and supported for autowiring
2019-04-10 19:17:09.247  INFO [bootstrap,,,] 4039 --- [           main] trationDelegate$BeanPostProcessorChecker : Bean 'org.springframework.amqp.rabbit.annotation.RabbitBootstrapConfiguration' of type [org.springframework.amqp.rabbit.annotation.RabbitBootstrapConfiguration$$EnhancerBySpringCGLIB$$c0e547c1] is not eligible for getting processed by all BeanPostProcessors (for example: not eligible for auto-proxying)
2019-04-10 19:17:09.452  INFO [bootstrap,,,] 4039 --- [           main] trationDelegate$BeanPostProcessorChecker : Bean 'org.springframework.cloud.sleuth.instrument.async.AsyncDefaultAutoConfiguration$DefaultAsyncConfigurerSupport' of type [org.springframework.cloud.sleuth.instrument.async.AsyncDefaultAutoConfiguration$DefaultAsyncConfigurerSupport$$EnhancerBySpringCGLIB$$37bb2756] is not eligible for getting processed by all BeanPostProcessors (for example: not eligible for auto-proxying)
2019-04-10 19:17:09.902  INFO [bootstrap,,,] 4039 --- [           main] trationDelegate$BeanPostProcessorChecker : Bean 'org.springframework.cloud.stream.config.SpelExpressionConverterConfiguration' of type [org.springframework.cloud.stream.config.SpelExpressionConverterConfiguration$$EnhancerBySpringCGLIB$$fab5e188] is not eligible for getting processed by all BeanPostProcessors (for example: not eligible for auto-proxying)
2019-04-10 19:17:10.597  INFO [bootstrap,,,] 4039 --- [           main] trationDelegate$BeanPostProcessorChecker : Bean 'spelConverter' of type [org.springframework.cloud.stream.config.SpelExpressionConverterConfiguration$SpelConverter] is not eligible for getting processed by all BeanPostProcessors (for example: not eligible for auto-proxying)
2019-04-10 19:17:10.678  INFO [bootstrap,,,] 4039 --- [           main] trationDelegate$BeanPostProcessorChecker : Bean 'spring.datasource-com.simplemall.micro.serv.prd.config.DataSourceProperties' of type [com.simplemall.micro.serv.prd.config.DataSourceProperties] is not eligible for getting processed by all BeanPostProcessors (for example: not eligible for auto-proxying)
2019-04-10 19:17:10.791  INFO [bootstrap,,,] 4039 --- [           main] trationDelegate$BeanPostProcessorChecker : Bean 'druidDataSourceConfig' of type [com.simplemall.micro.serv.prd.config.DruidDataSourceConfig$$EnhancerBySpringCGLIB$$c082beb4] is not eligible for getting processed by all BeanPostProcessors (for example: not eligible for auto-proxying)
2019-04-10 19:17:11.065  INFO [bootstrap,,,] 4039 --- [           main] trationDelegate$BeanPostProcessorChecker : Bean 'druidDataSource' of type [com.alibaba.druid.pool.DruidDataSource] is not eligible for getting processed by all BeanPostProcessors (for example: not eligible for auto-proxying)
2019-04-10 19:17:13.298  INFO [bootstrap,,,] 4039 --- [           main] trationDelegate$BeanPostProcessorChecker : Bean 'org.springframework.boot.autoconfigure.jdbc.DataSourceAutoConfiguration' of type [org.springframework.boot.autoconfigure.jdbc.DataSourceAutoConfiguration$$EnhancerBySpringCGLIB$$dc6d2cf3] is not eligible for getting processed by all BeanPostProcessors (for example: not eligible for auto-proxying)
2019-04-10 19:17:13.477  INFO [bootstrap,,,] 4039 --- [           main] trationDelegate$BeanPostProcessorChecker : Bean 'spring.datasource-org.springframework.boot.autoconfigure.jdbc.DataSourceProperties' of type [org.springframework.boot.autoconfigure.jdbc.DataSourceProperties] is not eligible for getting processed by all BeanPostProcessors (for example: not eligible for auto-proxying)
2019-04-10 19:17:13.764  INFO [bootstrap,,,] 4039 --- [           main] trationDelegate$BeanPostProcessorChecker : Bean 'dataSourceInitializer' of type [org.springframework.boot.autoconfigure.jdbc.DataSourceInitializer] is not eligible for getting processed by all BeanPostProcessors (for example: not eligible for auto-proxying)
2019-04-10 19:17:13.883  INFO [bootstrap,,,] 4039 --- [           main] trationDelegate$BeanPostProcessorChecker : Bean 'sqlSessionFactoryConfig' of type [com.simplemall.micro.serv.prd.config.SqlSessionFactoryConfig$$EnhancerBySpringCGLIB$$a700c60f] is not eligible for getting processed by all BeanPostProcessors (for example: not eligible for auto-proxying)
2019-04-10 19:17:14.018  INFO [bootstrap,,,] 4039 --- [           main] trationDelegate$BeanPostProcessorChecker : Bean 'annotationDrivenTransactionManager' of type [org.springframework.jdbc.datasource.DataSourceTransactionManager] is not eligible for getting processed by all BeanPostProcessors (for example: not eligible for auto-proxying)
2019-04-10 19:17:14.241  INFO [bootstrap,,,] 4039 --- [           main] trationDelegate$BeanPostProcessorChecker : Bean 'org.springframework.transaction.annotation.ProxyTransactionManagementConfiguration' of type [org.springframework.transaction.annotation.ProxyTransactionManagementConfiguration$$EnhancerBySpringCGLIB$$fa798993] is not eligible for getting processed by all BeanPostProcessors (for example: not eligible for auto-proxying)
2019-04-10 19:17:14.491  INFO [bootstrap,,,] 4039 --- [           main] trationDelegate$BeanPostProcessorChecker : Bean 'org.springframework.cloud.stream.config.BindingServiceConfiguration$PostProcessorConfiguration' of type [org.springframework.cloud.stream.config.BindingServiceConfiguration$PostProcessorConfiguration$$EnhancerBySpringCGLIB$$bc412798] is not eligible for getting processed by all BeanPostProcessors (for example: not eligible for auto-proxying)
2019-04-10 19:17:14.934  INFO [bootstrap,,,] 4039 --- [           main] trationDelegate$BeanPostProcessorChecker : Bean 'integrationGlobalProperties' of type [org.springframework.beans.factory.config.PropertiesFactoryBean] is not eligible for getting processed by all BeanPostProcessors (for example: not eligible for auto-proxying)
2019-04-10 19:17:14.976  INFO [bootstrap,,,] 4039 --- [           main] trationDelegate$BeanPostProcessorChecker : Bean 'integrationGlobalProperties' of type [java.util.Properties] is not eligible for getting processed by all BeanPostProcessors (for example: not eligible for auto-proxying)
2019-04-10 19:17:15.406  INFO [bootstrap,,,] 4039 --- [           main] trationDelegate$BeanPostProcessorChecker : Bean 'org.springframework.cloud.autoconfigure.ConfigurationPropertiesRebinderAutoConfiguration' of type [org.springframework.cloud.autoconfigure.ConfigurationPropertiesRebinderAutoConfiguration$$EnhancerBySpringCGLIB$$16938c90] is not eligible for getting processed by all BeanPostProcessors (for example: not eligible for auto-proxying)
2019-04-10 19:17:17.591  INFO [bootstrap,,,] 4039 --- [           main] s.b.c.e.t.TomcatEmbeddedServletContainer : Tomcat initialized with port(s): 8081 (http)
2019-04-10 19:17:17.639  INFO [bootstrap,,,] 4039 --- [           main] o.apache.catalina.core.StandardService   : Starting service Tomcat
2019-04-10 19:17:17.648  INFO [bootstrap,,,] 4039 --- [           main] org.apache.catalina.core.StandardEngine  : Starting Servlet Engine: Apache Tomcat/8.5.11
2019-04-10 19:17:18.102  INFO [bootstrap,,,] 4039 --- [ost-startStop-1] o.a.c.c.C.[Tomcat].[localhost].[/]       : Initializing Spring embedded WebApplicationContext
2019-04-10 19:17:18.105  INFO [bootstrap,,,] 4039 --- [ost-startStop-1] o.s.web.context.ContextLoader            : Root WebApplicationContext: initialization completed in 14925 ms
2019-04-10 19:17:23.726  INFO [bootstrap,,,] 4039 --- [ost-startStop-1] o.s.b.w.servlet.FilterRegistrationBean   : Mapping filter: 'metricsFilter' to: [/*]
2019-04-10 19:17:23.727  INFO [bootstrap,,,] 4039 --- [ost-startStop-1] o.s.b.w.servlet.FilterRegistrationBean   : Mapping filter: 'characterEncodingFilter' to: [/*]
2019-04-10 19:17:23.727  INFO [bootstrap,,,] 4039 --- [ost-startStop-1] o.s.b.w.servlet.FilterRegistrationBean   : Mapping filter: 'traceFilter' to: [/*]
2019-04-10 19:17:23.728  INFO [bootstrap,,,] 4039 --- [ost-startStop-1] o.s.b.w.servlet.FilterRegistrationBean   : Mapping filter: 'hiddenHttpMethodFilter' to: [/*]
2019-04-10 19:17:23.728  INFO [bootstrap,,,] 4039 --- [ost-startStop-1] o.s.b.w.servlet.FilterRegistrationBean   : Mapping filter: 'httpPutFormContentFilter' to: [/*]
2019-04-10 19:17:23.728  INFO [bootstrap,,,] 4039 --- [ost-startStop-1] o.s.b.w.servlet.FilterRegistrationBean   : Mapping filter: 'requestContextFilter' to: [/*]
2019-04-10 19:17:23.728  INFO [bootstrap,,,] 4039 --- [ost-startStop-1] o.s.b.w.servlet.FilterRegistrationBean   : Mapping filter: 'webRequestLoggingFilter' to: [/*]
2019-04-10 19:17:23.728  INFO [bootstrap,,,] 4039 --- [ost-startStop-1] o.s.b.w.servlet.FilterRegistrationBean   : Mapping filter: 'webStatFilter' to urls: [/*]
2019-04-10 19:17:23.737  INFO [bootstrap,,,] 4039 --- [ost-startStop-1] o.s.b.w.servlet.FilterRegistrationBean   : Mapping filter: 'applicationContextIdFilter' to: [/*]
2019-04-10 19:17:23.738  INFO [bootstrap,,,] 4039 --- [ost-startStop-1] o.s.b.w.servlet.ServletRegistrationBean  : Mapping servlet: 'dispatcherServlet' to [/]
2019-04-10 19:17:23.740  INFO [bootstrap,,,] 4039 --- [ost-startStop-1] o.s.b.w.servlet.ServletRegistrationBean  : Mapping servlet: 'statViewServlet' to [/druid/*]
2019-04-10 19:17:31.698  INFO [bootstrap,,,] 4039 --- [           main] o.a.c.c.C.[Tomcat].[localhost].[/]       : jolokia: No access restrictor found, access to any MBean is allowed
2019-04-10 19:17:33.816  INFO [bootstrap,,,] 4039 --- [           main] s.w.s.m.m.a.RequestMappingHandlerAdapter : Looking for @ControllerAdvice: org.springframework.boot.context.embedded.AnnotationConfigEmbeddedWebApplicationContext@17d677df: startup date [Wed Apr 10 19:17:03 CST 2019]; parent: org.springframework.context.annotation.AnnotationConfigApplicationContext@7a7b0070
2019-04-10 19:17:34.860  INFO [bootstrap,,,] 4039 --- [           main] s.w.s.m.m.a.RequestMappingHandlerMapping : Mapped "{[/prd/payPage],methods=[GET]}" onto public void com.simplemall.micro.serv.prd.controller.PorudctController.getH5PayPage(javax.servlet.http.HttpServletResponse)
2019-04-10 19:17:34.870  INFO [bootstrap,,,] 4039 --- [           main] s.w.s.m.m.a.RequestMappingHandlerMapping : Mapped "{[/prd/{prdId}],methods=[GET]}" onto public com.simplemall.micro.serv.common.bean.product.PrdInfo com.simplemall.micro.serv.prd.controller.PorudctController.getPorudctById(java.lang.String) throws java.io.IOException
2019-04-10 19:17:34.872  INFO [bootstrap,,,] 4039 --- [           main] s.w.s.m.m.a.RequestMappingHandlerMapping : Mapped "{[/prd/list],methods=[GET]}" onto public java.util.List<com.simplemall.micro.serv.common.bean.product.PrdInfo> com.simplemall.micro.serv.prd.controller.PorudctController.list()
2019-04-10 19:17:34.885  INFO [bootstrap,,,] 4039 --- [           main] s.w.s.m.m.a.RequestMappingHandlerMapping : Mapped "{[/error],produces=[text/html]}" onto public org.springframework.web.servlet.ModelAndView org.springframework.boot.autoconfigure.web.BasicErrorController.errorHtml(javax.servlet.http.HttpServletRequest,javax.servlet.http.HttpServletResponse)
2019-04-10 19:17:34.887  INFO [bootstrap,,,] 4039 --- [           main] s.w.s.m.m.a.RequestMappingHandlerMapping : Mapped "{[/error]}" onto public org.springframework.http.ResponseEntity<java.util.Map<java.lang.String, java.lang.Object>> org.springframework.boot.autoconfigure.web.BasicErrorController.error(javax.servlet.http.HttpServletRequest)
2019-04-10 19:17:35.733  INFO [bootstrap,,,] 4039 --- [           main] .m.m.a.ExceptionHandlerExceptionResolver : Detected @ExceptionHandler methods in globalExceptionHandler
2019-04-10 19:17:36.097  INFO [bootstrap,,,] 4039 --- [           main] o.s.w.s.handler.SimpleUrlHandlerMapping  : Mapped URL path [/**/favicon.ico] onto handler of type [class org.springframework.web.servlet.resource.ResourceHttpRequestHandler]
2019-04-10 19:17:38.873  INFO [bootstrap,,,] 4039 --- [           main] o.s.s.c.ThreadPoolTaskScheduler          : Initializing ExecutorService  'registrationTaskScheduler'
2019-04-10 19:17:44.929  INFO [bootstrap,,,] 4039 --- [           main] o.s.s.c.ThreadPoolTaskScheduler          : Initializing ExecutorService  'taskScheduler'
2019-04-10 19:17:49.584  INFO [bootstrap,,,] 4039 --- [           main] o.s.b.a.e.mvc.EndpointHandlerMapping     : Mapped "{[/env],methods=[POST]}" onto public java.lang.Object org.springframework.cloud.context.environment.EnvironmentManagerMvcEndpoint.value(java.util.Map<java.lang.String, java.lang.String>)
2019-04-10 19:17:49.584  INFO [bootstrap,,,] 4039 --- [           main] o.s.b.a.e.mvc.EndpointHandlerMapping     : Mapped "{[/env/reset],methods=[POST]}" onto public java.util.Map<java.lang.String, java.lang.Object> org.springframework.cloud.context.environment.EnvironmentManagerMvcEndpoint.reset()
2019-04-10 19:17:49.587  INFO [bootstrap,,,] 4039 --- [           main] o.s.b.a.e.mvc.EndpointHandlerMapping     : Mapped "{[/env/{name:.*}],methods=[GET],produces=[application/vnd.spring-boot.actuator.v1+json || application/json]}" onto public java.lang.Object org.springframework.boot.actuate.endpoint.mvc.EnvironmentMvcEndpoint.value(java.lang.String)
2019-04-10 19:17:49.588  INFO [bootstrap,,,] 4039 --- [           main] o.s.b.a.e.mvc.EndpointHandlerMapping     : Mapped "{[/env || /env.json],methods=[GET],produces=[application/vnd.spring-boot.actuator.v1+json || application/json]}" onto public java.lang.Object org.springframework.boot.actuate.endpoint.mvc.EndpointMvcAdapter.invoke()
2019-04-10 19:17:49.593  INFO [bootstrap,,,] 4039 --- [           main] o.s.b.a.e.mvc.EndpointHandlerMapping     : Mapped "{[/health || /health.json],methods=[GET],produces=[application/vnd.spring-boot.actuator.v1+json || application/json]}" onto public java.lang.Object org.springframework.boot.actuate.endpoint.mvc.HealthMvcEndpoint.invoke(javax.servlet.http.HttpServletRequest,java.security.Principal)
2019-04-10 19:17:49.595  INFO [bootstrap,,,] 4039 --- [           main] o.s.b.a.e.mvc.EndpointHandlerMapping     : Mapped "{[/refresh || /refresh.json],methods=[POST]}" onto public java.lang.Object org.springframework.cloud.endpoint.GenericPostableMvcEndpoint.invoke()
2019-04-10 19:17:49.599  INFO [bootstrap,,,] 4039 --- [           main] o.s.b.a.e.mvc.EndpointHandlerMapping     : Mapped "{[/resume || /resume.json],methods=[POST]}" onto public java.lang.Object org.springframework.cloud.endpoint.GenericPostableMvcEndpoint.invoke()
2019-04-10 19:17:49.607  INFO [bootstrap,,,] 4039 --- [           main] o.s.b.a.e.mvc.EndpointHandlerMapping     : Mapped "{[/channels || /channels.json],methods=[GET],produces=[application/vnd.spring-boot.actuator.v1+json || application/json]}" onto public java.lang.Object org.springframework.boot.actuate.endpoint.mvc.EndpointMvcAdapter.invoke()
2019-04-10 19:17:49.612  INFO [bootstrap,,,] 4039 --- [           main] o.s.b.a.e.mvc.EndpointHandlerMapping     : Mapped "{[/autoconfig || /autoconfig.json],methods=[GET],produces=[application/vnd.spring-boot.actuator.v1+json || application/json]}" onto public java.lang.Object org.springframework.boot.actuate.endpoint.mvc.EndpointMvcAdapter.invoke()
2019-04-10 19:17:49.614  INFO [bootstrap,,,] 4039 --- [           main] o.s.b.a.e.mvc.EndpointHandlerMapping     : Mapped "{[/jolokia/**]}" onto public org.springframework.web.servlet.ModelAndView org.springframework.boot.actuate.endpoint.mvc.JolokiaMvcEndpoint.handle(javax.servlet.http.HttpServletRequest,javax.servlet.http.HttpServletResponse) throws java.lang.Exception
2019-04-10 19:17:49.615  INFO [bootstrap,,,] 4039 --- [           main] o.s.b.a.e.mvc.EndpointHandlerMapping     : Mapped "{[/heapdump || /heapdump.json],methods=[GET],produces=[application/octet-stream]}" onto public void org.springframework.boot.actuate.endpoint.mvc.HeapdumpMvcEndpoint.invoke(boolean,javax.servlet.http.HttpServletRequest,javax.servlet.http.HttpServletResponse) throws java.io.IOException,javax.servlet.ServletException
2019-04-10 19:17:49.626  INFO [bootstrap,,,] 4039 --- [           main] o.s.b.a.e.mvc.EndpointHandlerMapping     : Mapped "{[/metrics/{name:.*}],methods=[GET],produces=[application/vnd.spring-boot.actuator.v1+json || application/json]}" onto public java.lang.Object org.springframework.boot.actuate.endpoint.mvc.MetricsMvcEndpoint.value(java.lang.String)
2019-04-10 19:17:49.627  INFO [bootstrap,,,] 4039 --- [           main] o.s.b.a.e.mvc.EndpointHandlerMapping     : Mapped "{[/metrics || /metrics.json],methods=[GET],produces=[application/vnd.spring-boot.actuator.v1+json || application/json]}" onto public java.lang.Object org.springframework.boot.actuate.endpoint.mvc.EndpointMvcAdapter.invoke()
2019-04-10 19:17:49.634  INFO [bootstrap,,,] 4039 --- [           main] o.s.b.a.e.mvc.EndpointHandlerMapping     : Mapped "{[/pause || /pause.json],methods=[POST]}" onto public java.lang.Object org.springframework.cloud.endpoint.GenericPostableMvcEndpoint.invoke()
2019-04-10 19:17:49.635  INFO [bootstrap,,,] 4039 --- [           main] o.s.b.a.e.mvc.EndpointHandlerMapping     : Mapped "{[/info || /info.json],methods=[GET],produces=[application/vnd.spring-boot.actuator.v1+json || application/json]}" onto public java.lang.Object org.springframework.boot.actuate.endpoint.mvc.EndpointMvcAdapter.invoke()
2019-04-10 19:17:49.636  INFO [bootstrap,,,] 4039 --- [           main] o.s.b.a.e.mvc.EndpointHandlerMapping     : Mapped "{[/dump || /dump.json],methods=[GET],produces=[application/vnd.spring-boot.actuator.v1+json || application/json]}" onto public java.lang.Object org.springframework.boot.actuate.endpoint.mvc.EndpointMvcAdapter.invoke()
2019-04-10 19:17:49.645  INFO [bootstrap,,,] 4039 --- [           main] o.s.b.a.e.mvc.EndpointHandlerMapping     : Mapped "{[/auditevents || /auditevents.json],methods=[GET],produces=[application/vnd.spring-boot.actuator.v1+json || application/json]}" onto public org.springframework.http.ResponseEntity<?> org.springframework.boot.actuate.endpoint.mvc.AuditEventsMvcEndpoint.findByPrincipalAndAfterAndType(java.lang.String,java.util.Date,java.lang.String)
2019-04-10 19:17:49.646  INFO [bootstrap,,,] 4039 --- [           main] o.s.b.a.e.mvc.EndpointHandlerMapping     : Mapped "{[/archaius || /archaius.json],methods=[GET],produces=[application/vnd.spring-boot.actuator.v1+json || application/json]}" onto public java.lang.Object org.springframework.boot.actuate.endpoint.mvc.EndpointMvcAdapter.invoke()
2019-04-10 19:17:49.654  INFO [bootstrap,,,] 4039 --- [           main] o.s.b.a.e.mvc.EndpointHandlerMapping     : Mapped "{[/loggers/{name:.*}],methods=[GET],produces=[application/vnd.spring-boot.actuator.v1+json || application/json]}" onto public java.lang.Object org.springframework.boot.actuate.endpoint.mvc.LoggersMvcEndpoint.get(java.lang.String)
2019-04-10 19:17:49.655  INFO [bootstrap,,,] 4039 --- [           main] o.s.b.a.e.mvc.EndpointHandlerMapping     : Mapped "{[/loggers/{name:.*}],methods=[POST],consumes=[application/vnd.spring-boot.actuator.v1+json || application/json],produces=[application/vnd.spring-boot.actuator.v1+json || application/json]}" onto public java.lang.Object org.springframework.boot.actuate.endpoint.mvc.LoggersMvcEndpoint.set(java.lang.String,java.util.Map<java.lang.String, java.lang.String>)
2019-04-10 19:17:49.655  INFO [bootstrap,,,] 4039 --- [           main] o.s.b.a.e.mvc.EndpointHandlerMapping     : Mapped "{[/loggers || /loggers.json],methods=[GET],produces=[application/vnd.spring-boot.actuator.v1+json || application/json]}" onto public java.lang.Object org.springframework.boot.actuate.endpoint.mvc.EndpointMvcAdapter.invoke()
2019-04-10 19:17:49.663  INFO [bootstrap,,,] 4039 --- [           main] o.s.b.a.e.mvc.EndpointHandlerMapping     : Mapped "{[/mappings || /mappings.json],methods=[GET],produces=[application/vnd.spring-boot.actuator.v1+json || application/json]}" onto public java.lang.Object org.springframework.boot.actuate.endpoint.mvc.EndpointMvcAdapter.invoke()
2019-04-10 19:17:49.665  INFO [bootstrap,,,] 4039 --- [           main] o.s.b.a.e.mvc.EndpointHandlerMapping     : Mapped "{[/beans || /beans.json],methods=[GET],produces=[application/vnd.spring-boot.actuator.v1+json || application/json]}" onto public java.lang.Object org.springframework.boot.actuate.endpoint.mvc.EndpointMvcAdapter.invoke()
2019-04-10 19:17:49.674  INFO [bootstrap,,,] 4039 --- [           main] o.s.b.a.e.mvc.EndpointHandlerMapping     : Mapped "{[/restart || /restart.json],methods=[POST]}" onto public java.lang.Object org.springframework.cloud.context.restart.RestartMvcEndpoint.invoke()
2019-04-10 19:17:49.675  INFO [bootstrap,,,] 4039 --- [           main] o.s.b.a.e.mvc.EndpointHandlerMapping     : Mapped "{[/features || /features.json],methods=[GET],produces=[application/vnd.spring-boot.actuator.v1+json || application/json]}" onto public java.lang.Object org.springframework.boot.actuate.endpoint.mvc.EndpointMvcAdapter.invoke()
2019-04-10 19:17:49.677  INFO [bootstrap,,,] 4039 --- [           main] o.s.b.a.e.mvc.EndpointHandlerMapping     : Mapped "{[/trace || /trace.json],methods=[GET],produces=[application/vnd.spring-boot.actuator.v1+json || application/json]}" onto public java.lang.Object org.springframework.boot.actuate.endpoint.mvc.EndpointMvcAdapter.invoke()
2019-04-10 19:17:49.679  INFO [bootstrap,,,] 4039 --- [           main] o.s.b.a.e.mvc.EndpointHandlerMapping     : Mapped "{[/configprops || /configprops.json],methods=[GET],produces=[application/vnd.spring-boot.actuator.v1+json || application/json]}" onto public java.lang.Object org.springframework.boot.actuate.endpoint.mvc.EndpointMvcAdapter.invoke()
2019-04-10 19:17:52.536  WARN [bootstrap,,,] 4039 --- [           main] c.n.c.sources.URLConfigurationSource     : No URLs will be polled as dynamic configuration sources.
2019-04-10 19:17:52.536  INFO [bootstrap,,,] 4039 --- [           main] c.n.c.sources.URLConfigurationSource     : To enable URLs as dynamic configuration sources, define System property archaius.configurationSource.additionalUrls or make config.properties available on classpath.
2019-04-10 19:17:52.589  WARN [bootstrap,,,] 4039 --- [           main] c.n.c.sources.URLConfigurationSource     : No URLs will be polled as dynamic configuration sources.
2019-04-10 19:17:52.589  INFO [bootstrap,,,] 4039 --- [           main] c.n.c.sources.URLConfigurationSource     : To enable URLs as dynamic configuration sources, define System property archaius.configurationSource.additionalUrls or make config.properties available on classpath.
2019-04-10 19:17:53.990  INFO [bootstrap,,,] 4039 --- [           main] o.s.s.c.ThreadPoolTaskScheduler          : Initializing ExecutorService 
2019-04-10 19:17:54.849  INFO [bootstrap,,,] 4039 --- [           main] o.s.i.codec.kryo.CompositeKryoRegistrar  : configured Kryo registration [40, java.io.File] with serializer org.springframework.integration.codec.kryo.FileSerializer
2019-04-10 19:17:56.089  INFO [bootstrap,,,] 4039 --- [           main] o.s.j.e.a.AnnotationMBeanExporter        : Registering beans for JMX exposure on startup
2019-04-10 19:17:56.091  INFO [bootstrap,,,] 4039 --- [           main] o.s.j.e.a.AnnotationMBeanExporter        : Bean with name 'druidDataSource' has been autodetected for JMX exposure
2019-04-10 19:17:56.210  INFO [bootstrap,,,] 4039 --- [           main] o.s.j.e.a.AnnotationMBeanExporter        : Bean with name 'refreshScope' has been autodetected for JMX exposure
2019-04-10 19:17:56.213  INFO [bootstrap,,,] 4039 --- [           main] o.s.j.e.a.AnnotationMBeanExporter        : Bean with name 'environmentManager' has been autodetected for JMX exposure
2019-04-10 19:17:56.216  INFO [bootstrap,,,] 4039 --- [           main] o.s.j.e.a.AnnotationMBeanExporter        : Bean with name 'rabbitConnectionFactory' has been autodetected for JMX exposure
2019-04-10 19:17:56.228  INFO [bootstrap,,,] 4039 --- [           main] o.s.j.e.a.AnnotationMBeanExporter        : Bean with name 'integrationMbeanExporter' has been autodetected for JMX exposure
2019-04-10 19:17:56.229  INFO [bootstrap,,,] 4039 --- [           main] o.s.j.e.a.AnnotationMBeanExporter        : Bean with name 'configurationPropertiesRebinder' has been autodetected for JMX exposure
2019-04-10 19:17:56.230  INFO [bootstrap,,,] 4039 --- [           main] o.s.j.e.a.AnnotationMBeanExporter        : Bean with name 'refreshEndpoint' has been autodetected for JMX exposure
2019-04-10 19:17:56.243  INFO [bootstrap,,,] 4039 --- [           main] o.s.j.e.a.AnnotationMBeanExporter        : Bean with name 'restartEndpoint' has been autodetected for JMX exposure
2019-04-10 19:17:56.263  INFO [bootstrap,,,] 4039 --- [           main] o.s.j.e.a.AnnotationMBeanExporter        : Located managed bean 'environmentManager': registering with JMX server as MBean [org.springframework.cloud.context.environment:name=environmentManager,type=EnvironmentManager]
2019-04-10 19:17:56.339  INFO [bootstrap,,,] 4039 --- [           main] o.s.j.e.a.AnnotationMBeanExporter        : Located managed bean 'restartEndpoint': registering with JMX server as MBean [org.springframework.cloud.context.restart:name=restartEndpoint,type=RestartEndpoint]
2019-04-10 19:17:56.418  INFO [bootstrap,,,] 4039 --- [           main] o.s.j.e.a.AnnotationMBeanExporter        : Located managed bean 'refreshScope': registering with JMX server as MBean [org.springframework.cloud.context.scope.refresh:name=refreshScope,type=RefreshScope]
2019-04-10 19:17:56.475  INFO [bootstrap,,,] 4039 --- [           main] o.s.j.e.a.AnnotationMBeanExporter        : Located managed bean 'integrationMbeanExporter': registering with JMX server as MBean [org.springframework.integration.monitor:name=integrationMbeanExporter,type=IntegrationMBeanExporter]
2019-04-10 19:17:56.586  INFO [bootstrap,,,] 4039 --- [           main] o.s.j.e.a.AnnotationMBeanExporter        : Located managed bean 'configurationPropertiesRebinder': registering with JMX server as MBean [org.springframework.cloud.context.properties:name=configurationPropertiesRebinder,context=17d677df,type=ConfigurationPropertiesRebinder]
2019-04-10 19:17:56.590  INFO [bootstrap,,,] 4039 --- [           main] o.s.j.e.a.AnnotationMBeanExporter        : Located managed bean 'rabbitConnectionFactory': registering with JMX server as MBean [org.springframework.amqp.rabbit.connection:name=rabbitConnectionFactory,type=CachingConnectionFactory]
2019-04-10 19:17:56.629  INFO [bootstrap,,,] 4039 --- [           main] o.s.j.e.a.AnnotationMBeanExporter        : Located managed bean 'refreshEndpoint': registering with JMX server as MBean [org.springframework.cloud.endpoint:name=refreshEndpoint,type=RefreshEndpoint]
2019-04-10 19:17:56.638  INFO [bootstrap,,,] 4039 --- [           main] o.s.j.e.a.AnnotationMBeanExporter        : Located MBean 'druidDataSource': registering with JMX server as MBean [com.alibaba.druid.pool:name=druidDataSource,type=DruidDataSource]
2019-04-10 19:17:56.647  INFO [bootstrap,,,] 4039 --- [           main] o.s.i.monitor.IntegrationMBeanExporter   : Registering beans for JMX exposure on startup
2019-04-10 19:17:56.647  INFO [bootstrap,,,] 4039 --- [           main] o.s.i.monitor.IntegrationMBeanExporter   : Registering MessageChannel sleuth
2019-04-10 19:17:56.663  INFO [bootstrap,,,] 4039 --- [           main] o.s.i.monitor.IntegrationMBeanExporter   : Located managed bean 'org.springframework.integration:type=MessageChannel,name=sleuth': registering with JMX server as MBean [org.springframework.integration:type=MessageChannel,name=sleuth]
2019-04-10 19:17:56.794  INFO [bootstrap,,,] 4039 --- [           main] o.s.i.monitor.IntegrationMBeanExporter   : Registering MessageChannel errorChannel
2019-04-10 19:17:56.796  INFO [bootstrap,,,] 4039 --- [           main] o.s.i.monitor.IntegrationMBeanExporter   : Located managed bean 'org.springframework.integration:type=MessageChannel,name=errorChannel': registering with JMX server as MBean [org.springframework.integration:type=MessageChannel,name=errorChannel]
2019-04-10 19:17:56.887  INFO [bootstrap,,,] 4039 --- [           main] o.s.i.monitor.IntegrationMBeanExporter   : Registering MessageChannel nullChannel
2019-04-10 19:17:56.890  INFO [bootstrap,,,] 4039 --- [           main] o.s.i.monitor.IntegrationMBeanExporter   : Located managed bean 'org.springframework.integration:type=MessageChannel,name=nullChannel': registering with JMX server as MBean [org.springframework.integration:type=MessageChannel,name=nullChannel]
2019-04-10 19:17:56.969  INFO [bootstrap,,,] 4039 --- [           main] o.s.i.monitor.IntegrationMBeanExporter   : Registering MessageHandler errorLogger
2019-04-10 19:17:56.971  INFO [bootstrap,,,] 4039 --- [           main] o.s.i.monitor.IntegrationMBeanExporter   : Located managed bean 'org.springframework.integration:type=MessageHandler,name=errorLogger,bean=internal': registering with JMX server as MBean [org.springframework.integration:type=MessageHandler,name=errorLogger,bean=internal]
2019-04-10 19:17:57.071  INFO [bootstrap,,,] 4039 --- [           main] o.s.i.monitor.IntegrationMBeanExporter   : Registering MessageSource sleuthStreamSpanReporter.poll.inboundChannelAdapter
2019-04-10 19:17:57.089  INFO [bootstrap,,,] 4039 --- [           main] o.s.i.monitor.IntegrationMBeanExporter   : Located managed bean 'org.springframework.integration:type=MessageSource,name=sleuthStreamSpanReporter.poll.inboundChannelAdapter,bean=endpoint': registering with JMX server as MBean [org.springframework.integration:type=MessageSource,name=sleuthStreamSpanReporter.poll.inboundChannelAdapter,bean=endpoint]
2019-04-10 19:17:58.079  INFO [bootstrap,,,] 4039 --- [           main] o.a.c.c.C.[Tomcat].[localhost].[/]       : jolokia: No access restrictor found, access to any MBean is allowed
2019-04-10 19:17:58.134  INFO [bootstrap,,,] 4039 --- [           main] o.a.c.c.C.[Tomcat].[localhost].[/]       : jolokia: jolokia:type=Config is already registered. Adding it with jolokia:type=Config,uuid=c79af48d-59da-4deb-8bc8-24fd049c4c5e, but you should revise your setup in order to either use a qualifier or ensure, that only a single agent gets registered (otherwise history functionality might not work)
2019-04-10 19:17:58.135  INFO [bootstrap,,,] 4039 --- [           main] o.a.c.c.C.[Tomcat].[localhost].[/]       : jolokia: Cannot register (legacy) MBean handler for config store with name jmx4perl:type=Config since it already exists. This is the case if another agent has been already started within the same JVM. The registration is skipped.
2019-04-10 19:17:58.136  INFO [bootstrap,,,] 4039 --- [           main] o.a.c.c.C.[Tomcat].[localhost].[/]       : jolokia: Jolokia Discovery MBean registration is skipped because there is already one registered.
2019-04-10 19:17:58.429  INFO [bootstrap,,,] 4039 --- [           main] o.s.c.support.DefaultLifecycleProcessor  : Starting beans in phase -2147482648
2019-04-10 19:17:59.149  INFO [bootstrap,,,] 4039 --- [           main] s.c.a.AnnotationConfigApplicationContext : Refreshing org.springframework.context.annotation.AnnotationConfigApplicationContext@38e7ed69: startup date [Wed Apr 10 19:17:59 CST 2019]; root of context hierarchy
2019-04-10 19:17:59.324  INFO [bootstrap,,,] 4039 --- [           main] f.a.AutowiredAnnotationBeanPostProcessor : JSR-330 'javax.inject.Inject' annotation found and supported for autowiring
2019-04-10 19:17:59.326  INFO [bootstrap,,,] 4039 --- [           main] trationDelegate$BeanPostProcessorChecker : Bean 'configurationPropertiesRebinderAutoConfiguration' of type [org.springframework.cloud.autoconfigure.ConfigurationPropertiesRebinderAutoConfiguration$$EnhancerBySpringCGLIB$$16938c90] is not eligible for getting processed by all BeanPostProcessors (for example: not eligible for auto-proxying)
2019-04-10 19:17:59.981  INFO [bootstrap,,,] 4039 --- [           main] c.c.c.ConfigServicePropertySourceLocator : Fetching config from server at: http://localhost:8888
2019-04-10 19:18:00.059  WARN [bootstrap,,,] 4039 --- [           main] c.c.c.ConfigServicePropertySourceLocator : Could not locate PropertySource: I/O error on GET request for "http://localhost:8888/product-service/default": Connection refused; nested exception is java.net.ConnectException: Connection refused
2019-04-10 19:18:00.060  INFO [bootstrap,,,] 4039 --- [           main] c.s.m.serv.prd.ProductServApplication    : No active profile set, falling back to default profiles: default
2019-04-10 19:18:00.067  INFO [bootstrap,,,] 4039 --- [           main] s.c.a.AnnotationConfigApplicationContext : Refreshing org.springframework.context.annotation.AnnotationConfigApplicationContext@7301eebe: startup date [Wed Apr 10 19:18:00 CST 2019]; parent: org.springframework.boot.context.embedded.AnnotationConfigEmbeddedWebApplicationContext@17d677df
2019-04-10 19:18:00.340  INFO [bootstrap,,,] 4039 --- [           main] f.a.AutowiredAnnotationBeanPostProcessor : JSR-330 'javax.inject.Inject' annotation found and supported for autowiring
2019-04-10 19:18:00.986  INFO [bootstrap,,,] 4039 --- [           main] o.s.c.support.GenericApplicationContext  : Refreshing org.springframework.context.support.GenericApplicationContext@6bc24e72: startup date [Wed Apr 10 19:18:00 CST 2019]; root of context hierarchy
2019-04-10 19:18:01.173  INFO [bootstrap,,,] 4039 --- [           main] c.s.m.serv.prd.ProductServApplication    : Started ProductServApplication in 2.394 seconds (JVM running for 67.559)
2019-04-10 19:18:02.620  INFO [bootstrap,,,] 4039 --- [           main] o.s.a.r.c.CachingConnectionFactory       : Created new connection: SimpleConnection@64e1377c [delegate=amqp://admin@192.168.7.188:5672/, localPort= 46236]
2019-04-10 19:18:02.881  INFO [bootstrap,,,] 4039 --- [           main] o.s.integration.channel.DirectChannel    : Channel 'product-service:8081.sleuth' has 1 subscriber(s).
2019-04-10 19:18:02.883  INFO [bootstrap,,,] 4039 --- [           main] o.s.c.support.DefaultLifecycleProcessor  : Starting beans in phase 0
2019-04-10 19:18:02.950  INFO [bootstrap,,,] 4039 --- [           main] o.s.c.n.eureka.InstanceInfoFactory       : Setting initial instance status as: STARTING
2019-04-10 19:18:06.163  INFO [bootstrap,,,] 4039 --- [           main] c.n.d.provider.DiscoveryJerseyProvider   : Using JSON encoding codec LegacyJacksonJson
2019-04-10 19:18:06.173  INFO [bootstrap,,,] 4039 --- [           main] c.n.d.provider.DiscoveryJerseyProvider   : Using JSON decoding codec LegacyJacksonJson
2019-04-10 19:18:06.990  INFO [bootstrap,,,] 4039 --- [           main] c.n.d.provider.DiscoveryJerseyProvider   : Using XML encoding codec XStreamXml
2019-04-10 19:18:06.995  INFO [bootstrap,,,] 4039 --- [           main] c.n.d.provider.DiscoveryJerseyProvider   : Using XML decoding codec XStreamXml
2019-04-10 19:18:07.930  INFO [bootstrap,,,] 4039 --- [           main] c.n.d.s.r.aws.ConfigClusterResolver      : Resolving eureka endpoints via configuration
2019-04-10 19:18:08.061  INFO [bootstrap,,,] 4039 --- [           main] com.netflix.discovery.DiscoveryClient    : Disable delta property : false
2019-04-10 19:18:08.061  INFO [bootstrap,,,] 4039 --- [           main] com.netflix.discovery.DiscoveryClient    : Single vip registry refresh property : null
2019-04-10 19:18:08.061  INFO [bootstrap,,,] 4039 --- [           main] com.netflix.discovery.DiscoveryClient    : Force full registry fetch : false
2019-04-10 19:18:08.061  INFO [bootstrap,,,] 4039 --- [           main] com.netflix.discovery.DiscoveryClient    : Application is null : false
2019-04-10 19:18:08.061  INFO [bootstrap,,,] 4039 --- [           main] com.netflix.discovery.DiscoveryClient    : Registered Applications size is zero : true
2019-04-10 19:18:08.061  INFO [bootstrap,,,] 4039 --- [           main] com.netflix.discovery.DiscoveryClient    : Application version is -1: true
2019-04-10 19:18:08.061  INFO [bootstrap,,,] 4039 --- [           main] com.netflix.discovery.DiscoveryClient    : Getting all instance registry info from the eureka server
2019-04-10 19:18:08.514  INFO [bootstrap,,,] 4039 --- [           main] com.netflix.discovery.DiscoveryClient    : The response status is 200
2019-04-10 19:18:08.516  INFO [bootstrap,,,] 4039 --- [           main] com.netflix.discovery.DiscoveryClient    : Starting heartbeat executor: renew interval is: 30
2019-04-10 19:18:08.520  INFO [bootstrap,,,] 4039 --- [           main] c.n.discovery.InstanceInfoReplicator     : InstanceInfoReplicator onDemand update allowed rate per min is 4
2019-04-10 19:18:08.525  INFO [bootstrap,,,] 4039 --- [           main] com.netflix.discovery.DiscoveryClient    : Discovery Client initialized at timestamp 1554895088525 with initial instances count: 3
2019-04-10 19:18:08.935  INFO [bootstrap,,,] 4039 --- [           main] c.n.e.EurekaDiscoveryClientConfiguration : Registering application product-service with eureka with status UP
2019-04-10 19:18:08.937  INFO [bootstrap,,,] 4039 --- [           main] com.netflix.discovery.DiscoveryClient    : Saw local status change event StatusChangeEvent [timestamp=1554895088937, current=UP, previous=STARTING]
2019-04-10 19:18:09.043  INFO [bootstrap,,,] 4039 --- [nfoReplicator-0] com.netflix.discovery.DiscoveryClient    : DiscoveryClient_PRODUCT-SERVICE/N167:product-service:8081: registering service...
2019-04-10 19:18:09.242  INFO [bootstrap,,,] 4039 --- [           main] o.s.i.endpoint.EventDrivenConsumer       : Adding {logging-channel-adapter:_org.springframework.integration.errorLogger} as a subscriber to the 'errorChannel' channel
2019-04-10 19:18:09.242  INFO [bootstrap,,,] 4039 --- [           main] o.s.i.channel.PublishSubscribeChannel    : Channel 'product-service:8081.errorChannel' has 1 subscriber(s).
2019-04-10 19:18:09.242  INFO [bootstrap,,,] 4039 --- [           main] o.s.i.endpoint.EventDrivenConsumer       : started _org.springframework.integration.errorLogger
2019-04-10 19:18:09.249  INFO [bootstrap,,,] 4039 --- [nfoReplicator-0] com.netflix.discovery.DiscoveryClient    : DiscoveryClient_PRODUCT-SERVICE/N167:product-service:8081 - registration status: 204
2019-04-10 19:18:09.307  INFO [bootstrap,,,] 4039 --- [           main] o.s.i.e.SourcePollingChannelAdapter      : started sleuthStreamSpanReporter.poll.inboundChannelAdapter
2019-04-10 19:18:09.308  INFO [bootstrap,,,] 4039 --- [           main] o.s.c.support.DefaultLifecycleProcessor  : Starting beans in phase 2147482647
2019-04-10 19:18:09.308  INFO [bootstrap,,,] 4039 --- [           main] o.s.c.support.DefaultLifecycleProcessor  : Starting beans in phase 2147483647
2019-04-10 19:18:09.707  INFO [bootstrap,,,] 4039 --- [           main] s.b.c.e.t.TomcatEmbeddedServletContainer : Tomcat started on port(s): 8081 (http)
2019-04-10 19:18:09.712  INFO [bootstrap,,,] 4039 --- [           main] c.n.e.EurekaDiscoveryClientConfiguration : Updating port to 8081
2019-04-10 19:18:09.736  INFO [bootstrap,,,] 4039 --- [           main] c.s.m.serv.prd.ProductServApplication    : Started ProductServApplication in 73.39 seconds (JVM running for 76.122)
2019-04-10 19:18:10.266  INFO [bootstrap,,,] 4039 --- [nio-8081-exec-1] o.a.c.c.C.[Tomcat].[localhost].[/]       : Initializing Spring FrameworkServlet 'dispatcherServlet'
2019-04-10 19:18:10.266  INFO [bootstrap,,,] 4039 --- [nio-8081-exec-1] o.s.web.servlet.DispatcherServlet        : FrameworkServlet 'dispatcherServlet': initialization started
2019-04-10 19:18:10.442  INFO [bootstrap,,,] 4039 --- [nio-8081-exec-1] o.s.web.servlet.DispatcherServlet        : FrameworkServlet 'dispatcherServlet': initialization completed in 176 ms
2019-04-10 19:20:18.937 ERROR [bootstrap,8e3992000e5ef2cb,8e3992000e5ef2cb,false] 4039 --- [nio-8081-exec-1] com.alibaba.druid.pool.DruidDataSource   : init datasource error, url: jdbc:mysql://192.168.7.6:3306/micro_product?useUnicode=true&characterEncoding=UTF-8&characterSetResults=UTF-8&zeroDateTimeBehavior=convertToNull

com.mysql.jdbc.exceptions.jdbc4.CommunicationsException: Communications link failure

The last packet sent successfully to the server was 0 milliseconds ago. The driver has not received any packets from the server.
	at sun.reflect.NativeConstructorAccessorImpl.newInstance0(Native Method)
	at sun.reflect.NativeConstructorAccessorImpl.newInstance(NativeConstructorAccessorImpl.java:62)
	at sun.reflect.DelegatingConstructorAccessorImpl.newInstance(DelegatingConstructorAccessorImpl.java:45)
	at java.lang.reflect.Constructor.newInstance(Constructor.java:423)
	at com.mysql.jdbc.Util.handleNewInstance(Util.java:425)
	at com.mysql.jdbc.SQLError.createCommunicationsException(SQLError.java:989)
	at com.mysql.jdbc.MysqlIO.<init>(MysqlIO.java:341)
	at com.mysql.jdbc.ConnectionImpl.coreConnect(ConnectionImpl.java:2203)
	at com.mysql.jdbc.ConnectionImpl.connectOneTryOnly(ConnectionImpl.java:2236)
	at com.mysql.jdbc.ConnectionImpl.createNewIO(ConnectionImpl.java:2035)
	at com.mysql.jdbc.ConnectionImpl.<init>(ConnectionImpl.java:790)
	at com.mysql.jdbc.JDBC4Connection.<init>(JDBC4Connection.java:47)
	at sun.reflect.NativeConstructorAccessorImpl.newInstance0(Native Method)
	at sun.reflect.NativeConstructorAccessorImpl.newInstance(NativeConstructorAccessorImpl.java:62)
	at sun.reflect.DelegatingConstructorAccessorImpl.newInstance(DelegatingConstructorAccessorImpl.java:45)
	at java.lang.reflect.Constructor.newInstance(Constructor.java:423)
	at com.mysql.jdbc.Util.handleNewInstance(Util.java:425)
	at com.mysql.jdbc.ConnectionImpl.getInstance(ConnectionImpl.java:400)
	at com.mysql.jdbc.NonRegisteringDriver.connect(NonRegisteringDriver.java:330)
	at com.alibaba.druid.filter.FilterChainImpl.connection_connect(FilterChainImpl.java:148)
	at com.alibaba.druid.filter.stat.StatFilter.connection_connect(StatFilter.java:211)
	at com.alibaba.druid.filter.FilterChainImpl.connection_connect(FilterChainImpl.java:142)
	at com.alibaba.druid.pool.DruidAbstractDataSource.createPhysicalConnection(DruidAbstractDataSource.java:1377)
	at com.alibaba.druid.pool.DruidAbstractDataSource.createPhysicalConnection(DruidAbstractDataSource.java:1431)
	at com.alibaba.druid.pool.DruidDataSource.init(DruidDataSource.java:630)
	at com.alibaba.druid.pool.DruidDataSource.getConnection(DruidDataSource.java:927)
	at com.alibaba.druid.pool.DruidDataSource.getConnection(DruidDataSource.java:923)
	at com.alibaba.druid.pool.DruidDataSource.getConnection(DruidDataSource.java:100)
	at org.springframework.jdbc.datasource.DataSourceUtils.doGetConnection(DataSourceUtils.java:111)
	at org.springframework.jdbc.datasource.DataSourceUtils.getConnection(DataSourceUtils.java:77)
	at org.springframework.jdbc.core.JdbcTemplate.execute(JdbcTemplate.java:342)
	at org.springframework.boot.actuate.health.DataSourceHealthIndicator.getProduct(DataSourceHealthIndicator.java:123)
	at org.springframework.boot.actuate.health.DataSourceHealthIndicator.doDataSourceHealthCheck(DataSourceHealthIndicator.java:105)
	at org.springframework.boot.actuate.health.DataSourceHealthIndicator.doHealthCheck(DataSourceHealthIndicator.java:100)
	at org.springframework.boot.actuate.health.AbstractHealthIndicator.health(AbstractHealthIndicator.java:38)
	at org.springframework.boot.actuate.health.CompositeHealthIndicator.health(CompositeHealthIndicator.java:68)
	at org.springframework.boot.actuate.endpoint.HealthEndpoint.invoke(HealthEndpoint.java:81)
	at org.springframework.boot.actuate.endpoint.mvc.HealthMvcEndpoint.getHealth(HealthMvcEndpoint.java:171)
	at org.springframework.boot.actuate.endpoint.mvc.HealthMvcEndpoint.invoke(HealthMvcEndpoint.java:145)
	at sun.reflect.NativeMethodAccessorImpl.invoke0(Native Method)
	at sun.reflect.NativeMethodAccessorImpl.invoke(NativeMethodAccessorImpl.java:62)
	at sun.reflect.DelegatingMethodAccessorImpl.invoke(DelegatingMethodAccessorImpl.java:43)
	at java.lang.reflect.Method.invoke(Method.java:498)
	at org.springframework.web.method.support.InvocableHandlerMethod.doInvoke(InvocableHandlerMethod.java:205)
	at org.springframework.web.method.support.InvocableHandlerMethod.invokeForRequest(InvocableHandlerMethod.java:133)
	at org.springframework.web.servlet.mvc.method.annotation.ServletInvocableHandlerMethod.invokeAndHandle(ServletInvocableHandlerMethod.java:116)
	at org.springframework.web.servlet.mvc.method.annotation.RequestMappingHandlerAdapter.invokeHandlerMethod(RequestMappingHandlerAdapter.java:827)
	at org.springframework.web.servlet.mvc.method.annotation.RequestMappingHandlerAdapter.handleInternal(RequestMappingHandlerAdapter.java:738)
	at org.springframework.web.servlet.mvc.method.AbstractHandlerMethodAdapter.handle(AbstractHandlerMethodAdapter.java:85)
	at org.springframework.web.servlet.DispatcherServlet.doDispatch(DispatcherServlet.java:963)
	at org.springframework.web.servlet.DispatcherServlet.doService(DispatcherServlet.java:897)
	at org.springframework.web.servlet.FrameworkServlet.processRequest(FrameworkServlet.java:970)
	at org.springframework.web.servlet.FrameworkServlet.doGet(FrameworkServlet.java:861)
	at javax.servlet.http.HttpServlet.service(HttpServlet.java:622)
	at org.springframework.web.servlet.FrameworkServlet.service(FrameworkServlet.java:846)
	at javax.servlet.http.HttpServlet.service(HttpServlet.java:729)
	at org.apache.catalina.core.ApplicationFilterChain.internalDoFilter(ApplicationFilterChain.java:230)
	at org.apache.catalina.core.ApplicationFilterChain.doFilter(ApplicationFilterChain.java:165)
	at org.apache.tomcat.websocket.server.WsFilter.doFilter(WsFilter.java:52)
	at org.apache.catalina.core.ApplicationFilterChain.internalDoFilter(ApplicationFilterChain.java:192)
	at org.apache.catalina.core.ApplicationFilterChain.doFilter(ApplicationFilterChain.java:165)
	at org.springframework.boot.web.filter.ApplicationContextHeaderFilter.doFilterInternal(ApplicationContextHeaderFilter.java:55)
	at org.springframework.web.filter.OncePerRequestFilter.doFilter(OncePerRequestFilter.java:107)
	at org.apache.catalina.core.ApplicationFilterChain.internalDoFilter(ApplicationFilterChain.java:192)
	at org.apache.catalina.core.ApplicationFilterChain.doFilter(ApplicationFilterChain.java:165)
	at com.alibaba.druid.support.http.WebStatFilter.doFilter(WebStatFilter.java:123)
	at org.apache.catalina.core.ApplicationFilterChain.internalDoFilter(ApplicationFilterChain.java:192)
	at org.apache.catalina.core.ApplicationFilterChain.doFilter(ApplicationFilterChain.java:165)
	at org.springframework.boot.actuate.trace.WebRequestTraceFilter.doFilterInternal(WebRequestTraceFilter.java:108)
	at org.springframework.web.filter.OncePerRequestFilter.doFilter(OncePerRequestFilter.java:107)
	at org.apache.catalina.core.ApplicationFilterChain.internalDoFilter(ApplicationFilterChain.java:192)
	at org.apache.catalina.core.ApplicationFilterChain.doFilter(ApplicationFilterChain.java:165)
	at org.springframework.web.filter.RequestContextFilter.doFilterInternal(RequestContextFilter.java:99)
	at org.springframework.web.filter.OncePerRequestFilter.doFilter(OncePerRequestFilter.java:107)
	at org.apache.catalina.core.ApplicationFilterChain.internalDoFilter(ApplicationFilterChain.java:192)
	at org.apache.catalina.core.ApplicationFilterChain.doFilter(ApplicationFilterChain.java:165)
	at org.springframework.web.filter.HttpPutFormContentFilter.doFilterInternal(HttpPutFormContentFilter.java:105)
	at org.springframework.web.filter.OncePerRequestFilter.doFilter(OncePerRequestFilter.java:107)
	at org.apache.catalina.core.ApplicationFilterChain.internalDoFilter(ApplicationFilterChain.java:192)
	at org.apache.catalina.core.ApplicationFilterChain.doFilter(ApplicationFilterChain.java:165)
	at org.springframework.web.filter.HiddenHttpMethodFilter.doFilterInternal(HiddenHttpMethodFilter.java:81)
	at org.springframework.web.filter.OncePerRequestFilter.doFilter(OncePerRequestFilter.java:107)
	at org.apache.catalina.core.ApplicationFilterChain.internalDoFilter(ApplicationFilterChain.java:192)
	at org.apache.catalina.core.ApplicationFilterChain.doFilter(ApplicationFilterChain.java:165)
	at org.springframework.cloud.sleuth.instrument.web.TraceFilter.doFilter(TraceFilter.java:145)
	at org.apache.catalina.core.ApplicationFilterChain.internalDoFilter(ApplicationFilterChain.java:192)
	at org.apache.catalina.core.ApplicationFilterChain.doFilter(ApplicationFilterChain.java:165)
	at org.springframework.web.filter.CharacterEncodingFilter.doFilterInternal(CharacterEncodingFilter.java:197)
	at org.springframework.web.filter.OncePerRequestFilter.doFilter(OncePerRequestFilter.java:107)
	at org.apache.catalina.core.ApplicationFilterChain.internalDoFilter(ApplicationFilterChain.java:192)
	at org.apache.catalina.core.ApplicationFilterChain.doFilter(ApplicationFilterChain.java:165)
	at org.springframework.boot.actuate.autoconfigure.MetricsFilter.doFilterInternal(MetricsFilter.java:106)
	at org.springframework.web.filter.OncePerRequestFilter.doFilter(OncePerRequestFilter.java:107)
	at org.apache.catalina.core.ApplicationFilterChain.internalDoFilter(ApplicationFilterChain.java:192)
	at org.apache.catalina.core.ApplicationFilterChain.doFilter(ApplicationFilterChain.java:165)
	at org.apache.catalina.core.StandardWrapperValve.invoke(StandardWrapperValve.java:198)
	at org.apache.catalina.core.StandardContextValve.invoke(StandardContextValve.java:96)
	at org.apache.catalina.authenticator.AuthenticatorBase.invoke(AuthenticatorBase.java:474)
	at org.apache.catalina.core.StandardHostValve.invoke(StandardHostValve.java:140)
	at org.apache.catalina.valves.ErrorReportValve.invoke(ErrorReportValve.java:79)
	at org.apache.catalina.core.StandardEngineValve.invoke(StandardEngineValve.java:87)
	at org.apache.catalina.connector.CoyoteAdapter.service(CoyoteAdapter.java:349)
	at org.apache.coyote.http11.Http11Processor.service(Http11Processor.java:783)
	at org.apache.coyote.AbstractProcessorLight.process(AbstractProcessorLight.java:66)
	at org.apache.coyote.AbstractProtocol$ConnectionHandler.process(AbstractProtocol.java:798)
	at org.apache.tomcat.util.net.NioEndpoint$SocketProcessor.doRun(NioEndpoint.java:1434)
	at org.apache.tomcat.util.net.SocketProcessorBase.run(SocketProcessorBase.java:49)
	at java.util.concurrent.ThreadPoolExecutor.runWorker(ThreadPoolExecutor.java:1142)
	at java.util.concurrent.ThreadPoolExecutor$Worker.run(ThreadPoolExecutor.java:617)
	at org.apache.tomcat.util.threads.TaskThread$WrappingRunnable.run(TaskThread.java:61)
	at java.lang.Thread.run(Thread.java:745)
Caused by: java.net.ConnectException: Connection timed out
	at java.net.PlainSocketImpl.socketConnect(Native Method)
	at java.net.AbstractPlainSocketImpl.doConnect(AbstractPlainSocketImpl.java:350)
	at java.net.AbstractPlainSocketImpl.connectToAddress(AbstractPlainSocketImpl.java:206)
	at java.net.AbstractPlainSocketImpl.connect(AbstractPlainSocketImpl.java:188)
	at java.net.SocksSocketImpl.connect(SocksSocketImpl.java:392)
	at java.net.Socket.connect(Socket.java:589)
	at com.mysql.jdbc.StandardSocketFactory.connect(StandardSocketFactory.java:211)
	at com.mysql.jdbc.MysqlIO.<init>(MysqlIO.java:300)
	... 104 common frames omitted

2019-04-10 19:20:18.948 ERROR [bootstrap,8e3992000e5ef2cb,8e3992000e5ef2cb,false] 4039 --- [nio-8081-exec-1] com.alibaba.druid.pool.DruidDataSource   : dataSource init error

com.mysql.jdbc.exceptions.jdbc4.CommunicationsException: Communications link failure

The last packet sent successfully to the server was 0 milliseconds ago. The driver has not received any packets from the server.
	at sun.reflect.NativeConstructorAccessorImpl.newInstance0(Native Method)
	at sun.reflect.NativeConstructorAccessorImpl.newInstance(NativeConstructorAccessorImpl.java:62)
	at sun.reflect.DelegatingConstructorAccessorImpl.newInstance(DelegatingConstructorAccessorImpl.java:45)
	at java.lang.reflect.Constructor.newInstance(Constructor.java:423)
	at com.mysql.jdbc.Util.handleNewInstance(Util.java:425)
	at com.mysql.jdbc.SQLError.createCommunicationsException(SQLError.java:989)
	at com.mysql.jdbc.MysqlIO.<init>(MysqlIO.java:341)
	at com.mysql.jdbc.ConnectionImpl.coreConnect(ConnectionImpl.java:2203)
	at com.mysql.jdbc.ConnectionImpl.connectOneTryOnly(ConnectionImpl.java:2236)
	at com.mysql.jdbc.ConnectionImpl.createNewIO(ConnectionImpl.java:2035)
	at com.mysql.jdbc.ConnectionImpl.<init>(ConnectionImpl.java:790)
	at com.mysql.jdbc.JDBC4Connection.<init>(JDBC4Connection.java:47)
	at sun.reflect.NativeConstructorAccessorImpl.newInstance0(Native Method)
	at sun.reflect.NativeConstructorAccessorImpl.newInstance(NativeConstructorAccessorImpl.java:62)
	at sun.reflect.DelegatingConstructorAccessorImpl.newInstance(DelegatingConstructorAccessorImpl.java:45)
	at java.lang.reflect.Constructor.newInstance(Constructor.java:423)
	at com.mysql.jdbc.Util.handleNewInstance(Util.java:425)
	at com.mysql.jdbc.ConnectionImpl.getInstance(ConnectionImpl.java:400)
	at com.mysql.jdbc.NonRegisteringDriver.connect(NonRegisteringDriver.java:330)
	at com.alibaba.druid.filter.FilterChainImpl.connection_connect(FilterChainImpl.java:148)
	at com.alibaba.druid.filter.stat.StatFilter.connection_connect(StatFilter.java:211)
	at com.alibaba.druid.filter.FilterChainImpl.connection_connect(FilterChainImpl.java:142)
	at com.alibaba.druid.pool.DruidAbstractDataSource.createPhysicalConnection(DruidAbstractDataSource.java:1377)
	at com.alibaba.druid.pool.DruidAbstractDataSource.createPhysicalConnection(DruidAbstractDataSource.java:1431)
	at com.alibaba.druid.pool.DruidDataSource.init(DruidDataSource.java:630)
	at com.alibaba.druid.pool.DruidDataSource.getConnection(DruidDataSource.java:927)
	at com.alibaba.druid.pool.DruidDataSource.getConnection(DruidDataSource.java:923)
	at com.alibaba.druid.pool.DruidDataSource.getConnection(DruidDataSource.java:100)
	at org.springframework.jdbc.datasource.DataSourceUtils.doGetConnection(DataSourceUtils.java:111)
	at org.springframework.jdbc.datasource.DataSourceUtils.getConnection(DataSourceUtils.java:77)
	at org.springframework.jdbc.core.JdbcTemplate.execute(JdbcTemplate.java:342)
	at org.springframework.boot.actuate.health.DataSourceHealthIndicator.getProduct(DataSourceHealthIndicator.java:123)
	at org.springframework.boot.actuate.health.DataSourceHealthIndicator.doDataSourceHealthCheck(DataSourceHealthIndicator.java:105)
	at org.springframework.boot.actuate.health.DataSourceHealthIndicator.doHealthCheck(DataSourceHealthIndicator.java:100)
	at org.springframework.boot.actuate.health.AbstractHealthIndicator.health(AbstractHealthIndicator.java:38)
	at org.springframework.boot.actuate.health.CompositeHealthIndicator.health(CompositeHealthIndicator.java:68)
	at org.springframework.boot.actuate.endpoint.HealthEndpoint.invoke(HealthEndpoint.java:81)
	at org.springframework.boot.actuate.endpoint.mvc.HealthMvcEndpoint.getHealth(HealthMvcEndpoint.java:171)
	at org.springframework.boot.actuate.endpoint.mvc.HealthMvcEndpoint.invoke(HealthMvcEndpoint.java:145)
	at sun.reflect.NativeMethodAccessorImpl.invoke0(Native Method)
	at sun.reflect.NativeMethodAccessorImpl.invoke(NativeMethodAccessorImpl.java:62)
	at sun.reflect.DelegatingMethodAccessorImpl.invoke(DelegatingMethodAccessorImpl.java:43)
	at java.lang.reflect.Method.invoke(Method.java:498)
	at org.springframework.web.method.support.InvocableHandlerMethod.doInvoke(InvocableHandlerMethod.java:205)
	at org.springframework.web.method.support.InvocableHandlerMethod.invokeForRequest(InvocableHandlerMethod.java:133)
	at org.springframework.web.servlet.mvc.method.annotation.ServletInvocableHandlerMethod.invokeAndHandle(ServletInvocableHandlerMethod.java:116)
	at org.springframework.web.servlet.mvc.method.annotation.RequestMappingHandlerAdapter.invokeHandlerMethod(RequestMappingHandlerAdapter.java:827)
	at org.springframework.web.servlet.mvc.method.annotation.RequestMappingHandlerAdapter.handleInternal(RequestMappingHandlerAdapter.java:738)
	at org.springframework.web.servlet.mvc.method.AbstractHandlerMethodAdapter.handle(AbstractHandlerMethodAdapter.java:85)
	at org.springframework.web.servlet.DispatcherServlet.doDispatch(DispatcherServlet.java:963)
	at org.springframework.web.servlet.DispatcherServlet.doService(DispatcherServlet.java:897)
	at org.springframework.web.servlet.FrameworkServlet.processRequest(FrameworkServlet.java:970)
	at org.springframework.web.servlet.FrameworkServlet.doGet(FrameworkServlet.java:861)
	at javax.servlet.http.HttpServlet.service(HttpServlet.java:622)
	at org.springframework.web.servlet.FrameworkServlet.service(FrameworkServlet.java:846)
	at javax.servlet.http.HttpServlet.service(HttpServlet.java:729)
	at org.apache.catalina.core.ApplicationFilterChain.internalDoFilter(ApplicationFilterChain.java:230)
	at org.apache.catalina.core.ApplicationFilterChain.doFilter(ApplicationFilterChain.java:165)
	at org.apache.tomcat.websocket.server.WsFilter.doFilter(WsFilter.java:52)
	at org.apache.catalina.core.ApplicationFilterChain.internalDoFilter(ApplicationFilterChain.java:192)
	at org.apache.catalina.core.ApplicationFilterChain.doFilter(ApplicationFilterChain.java:165)
	at org.springframework.boot.web.filter.ApplicationContextHeaderFilter.doFilterInternal(ApplicationContextHeaderFilter.java:55)
	at org.springframework.web.filter.OncePerRequestFilter.doFilter(OncePerRequestFilter.java:107)
	at org.apache.catalina.core.ApplicationFilterChain.internalDoFilter(ApplicationFilterChain.java:192)
	at org.apache.catalina.core.ApplicationFilterChain.doFilter(ApplicationFilterChain.java:165)
	at com.alibaba.druid.support.http.WebStatFilter.doFilter(WebStatFilter.java:123)
	at org.apache.catalina.core.ApplicationFilterChain.internalDoFilter(ApplicationFilterChain.java:192)
	at org.apache.catalina.core.ApplicationFilterChain.doFilter(ApplicationFilterChain.java:165)
	at org.springframework.boot.actuate.trace.WebRequestTraceFilter.doFilterInternal(WebRequestTraceFilter.java:108)
	at org.springframework.web.filter.OncePerRequestFilter.doFilter(OncePerRequestFilter.java:107)
	at org.apache.catalina.core.ApplicationFilterChain.internalDoFilter(ApplicationFilterChain.java:192)
	at org.apache.catalina.core.ApplicationFilterChain.doFilter(ApplicationFilterChain.java:165)
	at org.springframework.web.filter.RequestContextFilter.doFilterInternal(RequestContextFilter.java:99)
	at org.springframework.web.filter.OncePerRequestFilter.doFilter(OncePerRequestFilter.java:107)
	at org.apache.catalina.core.ApplicationFilterChain.internalDoFilter(ApplicationFilterChain.java:192)
	at org.apache.catalina.core.ApplicationFilterChain.doFilter(ApplicationFilterChain.java:165)
	at org.springframework.web.filter.HttpPutFormContentFilter.doFilterInternal(HttpPutFormContentFilter.java:105)
	at org.springframework.web.filter.OncePerRequestFilter.doFilter(OncePerRequestFilter.java:107)
	at org.apache.catalina.core.ApplicationFilterChain.internalDoFilter(ApplicationFilterChain.java:192)
	at org.apache.catalina.core.ApplicationFilterChain.doFilter(ApplicationFilterChain.java:165)
	at org.springframework.web.filter.HiddenHttpMethodFilter.doFilterInternal(HiddenHttpMethodFilter.java:81)
	at org.springframework.web.filter.OncePerRequestFilter.doFilter(OncePerRequestFilter.java:107)
	at org.apache.catalina.core.ApplicationFilterChain.internalDoFilter(ApplicationFilterChain.java:192)
	at org.apache.catalina.core.ApplicationFilterChain.doFilter(ApplicationFilterChain.java:165)
	at org.springframework.cloud.sleuth.instrument.web.TraceFilter.doFilter(TraceFilter.java:145)
	at org.apache.catalina.core.ApplicationFilterChain.internalDoFilter(ApplicationFilterChain.java:192)
	at org.apache.catalina.core.ApplicationFilterChain.doFilter(ApplicationFilterChain.java:165)
	at org.springframework.web.filter.CharacterEncodingFilter.doFilterInternal(CharacterEncodingFilter.java:197)
	at org.springframework.web.filter.OncePerRequestFilter.doFilter(OncePerRequestFilter.java:107)
	at org.apache.catalina.core.ApplicationFilterChain.internalDoFilter(ApplicationFilterChain.java:192)
	at org.apache.catalina.core.ApplicationFilterChain.doFilter(ApplicationFilterChain.java:165)
	at org.springframework.boot.actuate.autoconfigure.MetricsFilter.doFilterInternal(MetricsFilter.java:106)
	at org.springframework.web.filter.OncePerRequestFilter.doFilter(OncePerRequestFilter.java:107)
	at org.apache.catalina.core.ApplicationFilterChain.internalDoFilter(ApplicationFilterChain.java:192)
	at org.apache.catalina.core.ApplicationFilterChain.doFilter(ApplicationFilterChain.java:165)
	at org.apache.catalina.core.StandardWrapperValve.invoke(StandardWrapperValve.java:198)
	at org.apache.catalina.core.StandardContextValve.invoke(StandardContextValve.java:96)
	at org.apache.catalina.authenticator.AuthenticatorBase.invoke(AuthenticatorBase.java:474)
	at org.apache.catalina.core.StandardHostValve.invoke(StandardHostValve.java:140)
	at org.apache.catalina.valves.ErrorReportValve.invoke(ErrorReportValve.java:79)
	at org.apache.catalina.core.StandardEngineValve.invoke(StandardEngineValve.java:87)
	at org.apache.catalina.connector.CoyoteAdapter.service(CoyoteAdapter.java:349)
	at org.apache.coyote.http11.Http11Processor.service(Http11Processor.java:783)
	at org.apache.coyote.AbstractProcessorLight.process(AbstractProcessorLight.java:66)
	at org.apache.coyote.AbstractProtocol$ConnectionHandler.process(AbstractProtocol.java:798)
	at org.apache.tomcat.util.net.NioEndpoint$SocketProcessor.doRun(NioEndpoint.java:1434)
	at org.apache.tomcat.util.net.SocketProcessorBase.run(SocketProcessorBase.java:49)
	at java.util.concurrent.ThreadPoolExecutor.runWorker(ThreadPoolExecutor.java:1142)
	at java.util.concurrent.ThreadPoolExecutor$Worker.run(ThreadPoolExecutor.java:617)
	at org.apache.tomcat.util.threads.TaskThread$WrappingRunnable.run(TaskThread.java:61)
	at java.lang.Thread.run(Thread.java:745)
Caused by: java.net.ConnectException: Connection timed out
	at java.net.PlainSocketImpl.socketConnect(Native Method)
	at java.net.AbstractPlainSocketImpl.doConnect(AbstractPlainSocketImpl.java:350)
	at java.net.AbstractPlainSocketImpl.connectToAddress(AbstractPlainSocketImpl.java:206)
	at java.net.AbstractPlainSocketImpl.connect(AbstractPlainSocketImpl.java:188)
	at java.net.SocksSocketImpl.connect(SocksSocketImpl.java:392)
	at java.net.Socket.connect(Socket.java:589)
	at com.mysql.jdbc.StandardSocketFactory.connect(StandardSocketFactory.java:211)
	at com.mysql.jdbc.MysqlIO.<init>(MysqlIO.java:300)
	... 104 common frames omitted

2019-04-10 19:20:18.950  INFO [bootstrap,8e3992000e5ef2cb,8e3992000e5ef2cb,false] 4039 --- [nio-8081-exec-1] com.alibaba.druid.pool.DruidDataSource   : {dataSource-1} inited
2019-04-10 19:20:18.986  INFO [bootstrap,8e3992000e5ef2cb,8e3992000e5ef2cb,false] 4039 --- [nio-8081-exec-1] c.c.c.ConfigServicePropertySourceLocator : Fetching config from server at: http://localhost:8888
2019-04-10 19:20:18.993  WARN [bootstrap,8e3992000e5ef2cb,8e3992000e5ef2cb,false] 4039 --- [nio-8081-exec-1] c.c.c.ConfigServicePropertySourceLocator : Could not locate PropertySource: I/O error on GET request for "http://localhost:8888/product-service/default": Connection refused; nested exception is java.net.ConnectException: Connection refused
2019-04-10 19:20:19.211  INFO [bootstrap,,,] 4039 --- [gistrationTask1] d.c.b.a.services.ApplicationRegistrator  : Application registered itself as {managementUrl=http://N167:8081, healthUrl=http://N167:8081/health, serviceUrl=http://N167:8081, name=product-service, id=2b3433b1, statusInfo={status=UNKNOWN, timestamp=1554895089848}}
2019-04-10 19:20:43.701  WARN [bootstrap,f4d4fdd329dde781,f4d4fdd329dde781,false] 4039 --- [nio-8081-exec-2] com.alibaba.druid.pool.DruidDataSource   : not full timeout retry : 1
2019-04-10 19:20:53.726  INFO [bootstrap,f4d4fdd329dde781,f4d4fdd329dde781,false] 4039 --- [nio-8081-exec-2] c.c.c.ConfigServicePropertySourceLocator : Fetching config from server at: http://localhost:8888
2019-04-10 19:20:53.735  WARN [bootstrap,f4d4fdd329dde781,f4d4fdd329dde781,false] 4039 --- [nio-8081-exec-2] c.c.c.ConfigServicePropertySourceLocator : Could not locate PropertySource: I/O error on GET request for "http://localhost:8888/product-service/default": Connection refused; nested exception is java.net.ConnectException: Connection refused
2019-04-10 19:21:24.840  WARN [bootstrap,7fe831592b7e4e28,7fe831592b7e4e28,false] 4039 --- [nio-8081-exec-3] com.alibaba.druid.pool.DruidDataSource   : not full timeout retry : 1
2019-04-10 19:21:34.869  INFO [bootstrap,7fe831592b7e4e28,7fe831592b7e4e28,false] 4039 --- [nio-8081-exec-3] c.c.c.ConfigServicePropertySourceLocator : Fetching config from server at: http://localhost:8888
2019-04-10 19:21:34.874  WARN [bootstrap,7fe831592b7e4e28,7fe831592b7e4e28,false] 4039 --- [nio-8081-exec-3] c.c.c.ConfigServicePropertySourceLocator : Could not locate PropertySource: I/O error on GET request for "http://localhost:8888/product-service/default": Connection refused; nested exception is java.net.ConnectException: Connection refused
2019-04-10 19:22:05.971  WARN [bootstrap,2e098a918c15651f,2e098a918c15651f,false] 4039 --- [nio-8081-exec-4] com.alibaba.druid.pool.DruidDataSource   : not full timeout retry : 1
2019-04-10 19:22:15.994  INFO [bootstrap,2e098a918c15651f,2e098a918c15651f,false] 4039 --- [nio-8081-exec-4] c.c.c.ConfigServicePropertySourceLocator : Fetching config from server at: http://localhost:8888
2019-04-10 19:22:15.999  WARN [bootstrap,2e098a918c15651f,2e098a918c15651f,false] 4039 --- [nio-8081-exec-4] c.c.c.ConfigServicePropertySourceLocator : Could not locate PropertySource: I/O error on GET request for "http://localhost:8888/product-service/default": Connection refused; nested exception is java.net.ConnectException: Connection refused
2019-04-10 19:22:40.960 ERROR [bootstrap,,,] 4039 --- [reate-611643685] com.alibaba.druid.pool.DruidDataSource   : create connection error, url: jdbc:mysql://192.168.7.6:3306/micro_product?useUnicode=true&characterEncoding=UTF-8&characterSetResults=UTF-8&zeroDateTimeBehavior=convertToNull

com.mysql.jdbc.exceptions.jdbc4.CommunicationsException: Communications link failure

The last packet sent successfully to the server was 0 milliseconds ago. The driver has not received any packets from the server.
	at sun.reflect.NativeConstructorAccessorImpl.newInstance0(Native Method)
	at sun.reflect.NativeConstructorAccessorImpl.newInstance(NativeConstructorAccessorImpl.java:62)
	at sun.reflect.DelegatingConstructorAccessorImpl.newInstance(DelegatingConstructorAccessorImpl.java:45)
	at java.lang.reflect.Constructor.newInstance(Constructor.java:423)
	at com.mysql.jdbc.Util.handleNewInstance(Util.java:425)
	at com.mysql.jdbc.SQLError.createCommunicationsException(SQLError.java:989)
	at com.mysql.jdbc.MysqlIO.<init>(MysqlIO.java:341)
	at com.mysql.jdbc.ConnectionImpl.coreConnect(ConnectionImpl.java:2203)
	at com.mysql.jdbc.ConnectionImpl.connectOneTryOnly(ConnectionImpl.java:2236)
	at com.mysql.jdbc.ConnectionImpl.createNewIO(ConnectionImpl.java:2035)
	at com.mysql.jdbc.ConnectionImpl.<init>(ConnectionImpl.java:790)
	at com.mysql.jdbc.JDBC4Connection.<init>(JDBC4Connection.java:47)
	at sun.reflect.NativeConstructorAccessorImpl.newInstance0(Native Method)
	at sun.reflect.NativeConstructorAccessorImpl.newInstance(NativeConstructorAccessorImpl.java:62)
	at sun.reflect.DelegatingConstructorAccessorImpl.newInstance(DelegatingConstructorAccessorImpl.java:45)
	at java.lang.reflect.Constructor.newInstance(Constructor.java:423)
	at com.mysql.jdbc.Util.handleNewInstance(Util.java:425)
	at com.mysql.jdbc.ConnectionImpl.getInstance(ConnectionImpl.java:400)
	at com.mysql.jdbc.NonRegisteringDriver.connect(NonRegisteringDriver.java:330)
	at com.alibaba.druid.filter.FilterChainImpl.connection_connect(FilterChainImpl.java:148)
	at com.alibaba.druid.filter.stat.StatFilter.connection_connect(StatFilter.java:211)
	at com.alibaba.druid.filter.FilterChainImpl.connection_connect(FilterChainImpl.java:142)
	at com.alibaba.druid.pool.DruidAbstractDataSource.createPhysicalConnection(DruidAbstractDataSource.java:1377)
	at com.alibaba.druid.pool.DruidAbstractDataSource.createPhysicalConnection(DruidAbstractDataSource.java:1431)
	at com.alibaba.druid.pool.DruidDataSource$CreateConnectionThread.run(DruidDataSource.java:1857)
Caused by: java.net.ConnectException: Connection timed out
	at java.net.PlainSocketImpl.socketConnect(Native Method)
	at java.net.AbstractPlainSocketImpl.doConnect(AbstractPlainSocketImpl.java:350)
	at java.net.AbstractPlainSocketImpl.connectToAddress(AbstractPlainSocketImpl.java:206)
	at java.net.AbstractPlainSocketImpl.connect(AbstractPlainSocketImpl.java:188)
	at java.net.SocksSocketImpl.connect(SocksSocketImpl.java:392)
	at java.net.Socket.connect(Socket.java:589)
	at com.mysql.jdbc.StandardSocketFactory.connect(StandardSocketFactory.java:211)
	at com.mysql.jdbc.MysqlIO.<init>(MysqlIO.java:300)
	... 18 common frames omitted

2019-04-10 19:22:47.091  WARN [bootstrap,391febba60608d37,391febba60608d37,false] 4039 --- [nio-8081-exec-5] com.alibaba.druid.pool.DruidDataSource   : not full timeout retry : 1
2019-04-10 19:22:57.117  INFO [bootstrap,391febba60608d37,391febba60608d37,false] 4039 --- [nio-8081-exec-5] c.c.c.ConfigServicePropertySourceLocator : Fetching config from server at: http://localhost:8888
2019-04-10 19:22:57.123  WARN [bootstrap,391febba60608d37,391febba60608d37,false] 4039 --- [nio-8081-exec-5] c.c.c.ConfigServicePropertySourceLocator : Could not locate PropertySource: I/O error on GET request for "http://localhost:8888/product-service/default": Connection refused; nested exception is java.net.ConnectException: Connection refused
2019-04-10 19:23:08.064  INFO [bootstrap,,,] 4039 --- [trap-executor-0] c.n.d.s.r.aws.ConfigClusterResolver      : Resolving eureka endpoints via configuration
2019-04-10 19:23:28.218  WARN [bootstrap,8e1d780527015a51,8e1d780527015a51,false] 4039 --- [nio-8081-exec-6] com.alibaba.druid.pool.DruidDataSource   : not full timeout retry : 1
2019-04-10 19:23:38.245  INFO [bootstrap,8e1d780527015a51,8e1d780527015a51,false] 4039 --- [nio-8081-exec-6] c.c.c.ConfigServicePropertySourceLocator : Fetching config from server at: http://localhost:8888
2019-04-10 19:23:38.252  WARN [bootstrap,8e1d780527015a51,8e1d780527015a51,false] 4039 --- [nio-8081-exec-6] c.c.c.ConfigServicePropertySourceLocator : Could not locate PropertySource: I/O error on GET request for "http://localhost:8888/product-service/default": Connection refused; nested exception is java.net.ConnectException: Connection refused
2019-04-10 19:24:09.346  WARN [bootstrap,275ce78b18978a45,275ce78b18978a45,false] 4039 --- [nio-8081-exec-7] com.alibaba.druid.pool.DruidDataSource   : not full timeout retry : 1
2019-04-10 19:24:19.370  INFO [bootstrap,275ce78b18978a45,275ce78b18978a45,false] 4039 --- [nio-8081-exec-7] c.c.c.ConfigServicePropertySourceLocator : Fetching config from server at: http://localhost:8888
2019-04-10 19:24:19.376  WARN [bootstrap,275ce78b18978a45,275ce78b18978a45,false] 4039 --- [nio-8081-exec-7] c.c.c.ConfigServicePropertySourceLocator : Could not locate PropertySource: I/O error on GET request for "http://localhost:8888/product-service/default": Connection refused; nested exception is java.net.ConnectException: Connection refused
2019-04-10 19:24:48.192 ERROR [bootstrap,,,] 4039 --- [reate-611643685] com.alibaba.druid.pool.DruidDataSource   : create connection error, url: jdbc:mysql://192.168.7.6:3306/micro_product?useUnicode=true&characterEncoding=UTF-8&characterSetResults=UTF-8&zeroDateTimeBehavior=convertToNull

com.mysql.jdbc.exceptions.jdbc4.CommunicationsException: Communications link failure

The last packet sent successfully to the server was 0 milliseconds ago. The driver has not received any packets from the server.
	at sun.reflect.NativeConstructorAccessorImpl.newInstance0(Native Method)
	at sun.reflect.NativeConstructorAccessorImpl.newInstance(NativeConstructorAccessorImpl.java:62)
	at sun.reflect.DelegatingConstructorAccessorImpl.newInstance(DelegatingConstructorAccessorImpl.java:45)
	at java.lang.reflect.Constructor.newInstance(Constructor.java:423)
	at com.mysql.jdbc.Util.handleNewInstance(Util.java:425)
	at com.mysql.jdbc.SQLError.createCommunicationsException(SQLError.java:989)
	at com.mysql.jdbc.MysqlIO.<init>(MysqlIO.java:341)
	at com.mysql.jdbc.ConnectionImpl.coreConnect(ConnectionImpl.java:2203)
	at com.mysql.jdbc.ConnectionImpl.connectOneTryOnly(ConnectionImpl.java:2236)
	at com.mysql.jdbc.ConnectionImpl.createNewIO(ConnectionImpl.java:2035)
	at com.mysql.jdbc.ConnectionImpl.<init>(ConnectionImpl.java:790)
	at com.mysql.jdbc.JDBC4Connection.<init>(JDBC4Connection.java:47)
	at sun.reflect.NativeConstructorAccessorImpl.newInstance0(Native Method)
	at sun.reflect.NativeConstructorAccessorImpl.newInstance(NativeConstructorAccessorImpl.java:62)
	at sun.reflect.DelegatingConstructorAccessorImpl.newInstance(DelegatingConstructorAccessorImpl.java:45)
	at java.lang.reflect.Constructor.newInstance(Constructor.java:423)
	at com.mysql.jdbc.Util.handleNewInstance(Util.java:425)
	at com.mysql.jdbc.ConnectionImpl.getInstance(ConnectionImpl.java:400)
	at com.mysql.jdbc.NonRegisteringDriver.connect(NonRegisteringDriver.java:330)
	at com.alibaba.druid.filter.FilterChainImpl.connection_connect(FilterChainImpl.java:148)
	at com.alibaba.druid.filter.stat.StatFilter.connection_connect(StatFilter.java:211)
	at com.alibaba.druid.filter.FilterChainImpl.connection_connect(FilterChainImpl.java:142)
	at com.alibaba.druid.pool.DruidAbstractDataSource.createPhysicalConnection(DruidAbstractDataSource.java:1377)
	at com.alibaba.druid.pool.DruidAbstractDataSource.createPhysicalConnection(DruidAbstractDataSource.java:1431)
	at com.alibaba.druid.pool.DruidDataSource$CreateConnectionThread.run(DruidDataSource.java:1857)
Caused by: java.net.ConnectException: Connection timed out
	at java.net.PlainSocketImpl.socketConnect(Native Method)
	at java.net.AbstractPlainSocketImpl.doConnect(AbstractPlainSocketImpl.java:350)
	at java.net.AbstractPlainSocketImpl.connectToAddress(AbstractPlainSocketImpl.java:206)
	at java.net.AbstractPlainSocketImpl.connect(AbstractPlainSocketImpl.java:188)
	at java.net.SocksSocketImpl.connect(SocksSocketImpl.java:392)
	at java.net.Socket.connect(Socket.java:589)
	at com.mysql.jdbc.StandardSocketFactory.connect(StandardSocketFactory.java:211)
	at com.mysql.jdbc.MysqlIO.<init>(MysqlIO.java:300)
	... 18 common frames omitted

2019-04-10 19:24:50.458  WARN [bootstrap,88eba68087490605,88eba68087490605,false] 4039 --- [nio-8081-exec-8] com.alibaba.druid.pool.DruidDataSource   : not full timeout retry : 1
2019-04-10 19:25:00.494  INFO [bootstrap,88eba68087490605,88eba68087490605,false] 4039 --- [nio-8081-exec-8] c.c.c.ConfigServicePropertySourceLocator : Fetching config from server at: http://localhost:8888
2019-04-10 19:25:00.499  WARN [bootstrap,88eba68087490605,88eba68087490605,false] 4039 --- [nio-8081-exec-8] c.c.c.ConfigServicePropertySourceLocator : Could not locate PropertySource: I/O error on GET request for "http://localhost:8888/product-service/default": Connection refused; nested exception is java.net.ConnectException: Connection refused
2019-04-10 19:25:31.619  WARN [bootstrap,0bfa33a89d665102,0bfa33a89d665102,false] 4039 --- [nio-8081-exec-9] com.alibaba.druid.pool.DruidDataSource   : not full timeout retry : 1
2019-04-10 19:25:41.641  INFO [bootstrap,0bfa33a89d665102,0bfa33a89d665102,false] 4039 --- [nio-8081-exec-9] c.c.c.ConfigServicePropertySourceLocator : Fetching config from server at: http://localhost:8888
2019-04-10 19:25:41.646  WARN [bootstrap,0bfa33a89d665102,0bfa33a89d665102,false] 4039 --- [nio-8081-exec-9] c.c.c.ConfigServicePropertySourceLocator : Could not locate PropertySource: I/O error on GET request for "http://localhost:8888/product-service/default": Connection refused; nested exception is java.net.ConnectException: Connection refused
2019-04-10 19:26:12.735  WARN [bootstrap,bc4f720aacdc0acd,bc4f720aacdc0acd,false] 4039 --- [io-8081-exec-10] com.alibaba.druid.pool.DruidDataSource   : not full timeout retry : 1
2019-04-10 19:26:22.758  INFO [bootstrap,bc4f720aacdc0acd,bc4f720aacdc0acd,false] 4039 --- [io-8081-exec-10] c.c.c.ConfigServicePropertySourceLocator : Fetching config from server at: http://localhost:8888
2019-04-10 19:26:22.763  WARN [bootstrap,bc4f720aacdc0acd,bc4f720aacdc0acd,false] 4039 --- [io-8081-exec-10] c.c.c.ConfigServicePropertySourceLocator : Could not locate PropertySource: I/O error on GET request for "http://localhost:8888/product-service/default": Connection refused; nested exception is java.net.ConnectException: Connection refused
2019-04-10 19:26:53.859  WARN [bootstrap,8f32e1e519086701,8f32e1e519086701,false] 4039 --- [nio-8081-exec-1] com.alibaba.druid.pool.DruidDataSource   : not full timeout retry : 1
2019-04-10 19:26:55.424 ERROR [bootstrap,,,] 4039 --- [reate-611643685] com.alibaba.druid.pool.DruidDataSource   : create connection error, url: jdbc:mysql://192.168.7.6:3306/micro_product?useUnicode=true&characterEncoding=UTF-8&characterSetResults=UTF-8&zeroDateTimeBehavior=convertToNull

com.mysql.jdbc.exceptions.jdbc4.CommunicationsException: Communications link failure

The last packet sent successfully to the server was 0 milliseconds ago. The driver has not received any packets from the server.
	at sun.reflect.NativeConstructorAccessorImpl.newInstance0(Native Method)
	at sun.reflect.NativeConstructorAccessorImpl.newInstance(NativeConstructorAccessorImpl.java:62)
	at sun.reflect.DelegatingConstructorAccessorImpl.newInstance(DelegatingConstructorAccessorImpl.java:45)
	at java.lang.reflect.Constructor.newInstance(Constructor.java:423)
	at com.mysql.jdbc.Util.handleNewInstance(Util.java:425)
	at com.mysql.jdbc.SQLError.createCommunicationsException(SQLError.java:989)
	at com.mysql.jdbc.MysqlIO.<init>(MysqlIO.java:341)
	at com.mysql.jdbc.ConnectionImpl.coreConnect(ConnectionImpl.java:2203)
	at com.mysql.jdbc.ConnectionImpl.connectOneTryOnly(ConnectionImpl.java:2236)
	at com.mysql.jdbc.ConnectionImpl.createNewIO(ConnectionImpl.java:2035)
	at com.mysql.jdbc.ConnectionImpl.<init>(ConnectionImpl.java:790)
	at com.mysql.jdbc.JDBC4Connection.<init>(JDBC4Connection.java:47)
	at sun.reflect.NativeConstructorAccessorImpl.newInstance0(Native Method)
	at sun.reflect.NativeConstructorAccessorImpl.newInstance(NativeConstructorAccessorImpl.java:62)
	at sun.reflect.DelegatingConstructorAccessorImpl.newInstance(DelegatingConstructorAccessorImpl.java:45)
	at java.lang.reflect.Constructor.newInstance(Constructor.java:423)
	at com.mysql.jdbc.Util.handleNewInstance(Util.java:425)
	at com.mysql.jdbc.ConnectionImpl.getInstance(ConnectionImpl.java:400)
	at com.mysql.jdbc.NonRegisteringDriver.connect(NonRegisteringDriver.java:330)
	at com.alibaba.druid.filter.FilterChainImpl.connection_connect(FilterChainImpl.java:148)
	at com.alibaba.druid.filter.stat.StatFilter.connection_connect(StatFilter.java:211)
	at com.alibaba.druid.filter.FilterChainImpl.connection_connect(FilterChainImpl.java:142)
	at com.alibaba.druid.pool.DruidAbstractDataSource.createPhysicalConnection(DruidAbstractDataSource.java:1377)
	at com.alibaba.druid.pool.DruidAbstractDataSource.createPhysicalConnection(DruidAbstractDataSource.java:1431)
	at com.alibaba.druid.pool.DruidDataSource$CreateConnectionThread.run(DruidDataSource.java:1857)
Caused by: java.net.ConnectException: Connection timed out
	at java.net.PlainSocketImpl.socketConnect(Native Method)
	at java.net.AbstractPlainSocketImpl.doConnect(AbstractPlainSocketImpl.java:350)
	at java.net.AbstractPlainSocketImpl.connectToAddress(AbstractPlainSocketImpl.java:206)
	at java.net.AbstractPlainSocketImpl.connect(AbstractPlainSocketImpl.java:188)
	at java.net.SocksSocketImpl.connect(SocksSocketImpl.java:392)
	at java.net.Socket.connect(Socket.java:589)
	at com.mysql.jdbc.StandardSocketFactory.connect(StandardSocketFactory.java:211)
	at com.mysql.jdbc.MysqlIO.<init>(MysqlIO.java:300)
	... 18 common frames omitted

2019-04-10 19:27:03.886  INFO [bootstrap,8f32e1e519086701,8f32e1e519086701,false] 4039 --- [nio-8081-exec-1] c.c.c.ConfigServicePropertySourceLocator : Fetching config from server at: http://localhost:8888
2019-04-10 19:27:03.890  WARN [bootstrap,8f32e1e519086701,8f32e1e519086701,false] 4039 --- [nio-8081-exec-1] c.c.c.ConfigServicePropertySourceLocator : Could not locate PropertySource: I/O error on GET request for "http://localhost:8888/product-service/default": Connection refused; nested exception is java.net.ConnectException: Connection refused
2019-04-10 19:27:34.975  WARN [bootstrap,2a0cf4deac95bf61,2a0cf4deac95bf61,false] 4039 --- [nio-8081-exec-2] com.alibaba.druid.pool.DruidDataSource   : not full timeout retry : 1
2019-04-10 19:27:45.000  INFO [bootstrap,2a0cf4deac95bf61,2a0cf4deac95bf61,false] 4039 --- [nio-8081-exec-2] c.c.c.ConfigServicePropertySourceLocator : Fetching config from server at: http://localhost:8888
2019-04-10 19:27:45.006  WARN [bootstrap,2a0cf4deac95bf61,2a0cf4deac95bf61,false] 4039 --- [nio-8081-exec-2] c.c.c.ConfigServicePropertySourceLocator : Could not locate PropertySource: I/O error on GET request for "http://localhost:8888/product-service/default": Connection refused; nested exception is java.net.ConnectException: Connection refused
2019-04-10 19:28:08.064  INFO [bootstrap,,,] 4039 --- [trap-executor-0] c.n.d.s.r.aws.ConfigClusterResolver      : Resolving eureka endpoints via configuration
2019-04-10 19:28:16.105  WARN [bootstrap,373bf1824369a43c,373bf1824369a43c,false] 4039 --- [nio-8081-exec-3] com.alibaba.druid.pool.DruidDataSource   : not full timeout retry : 1
2019-04-10 19:28:26.126  INFO [bootstrap,373bf1824369a43c,373bf1824369a43c,false] 4039 --- [nio-8081-exec-3] c.c.c.ConfigServicePropertySourceLocator : Fetching config from server at: http://localhost:8888
2019-04-10 19:28:26.132  WARN [bootstrap,373bf1824369a43c,373bf1824369a43c,false] 4039 --- [nio-8081-exec-3] c.c.c.ConfigServicePropertySourceLocator : Could not locate PropertySource: I/O error on GET request for "http://localhost:8888/product-service/default": Connection refused; nested exception is java.net.ConnectException: Connection refused
